[2024-09-10T11:30:40.333910+02:00] ipt10.WARNING: [YOUR COMPLETE NAME] [] []
[2024-09-10T11:30:40.335412+02:00] ipt10.ERROR: [YOUR EMAIL ADDRESS] [] []
[2024-09-10T11:30:40.335461+02:00] ipt10.INFO: profile {"student_number":"[YOUR STUDENT NUMBER]","college":"[COLLEGE NAME]","program":"[PROGRAM NAME]","university":"[UNIVERSITY NAME]"} []
[2024-09-10T11:30:40.335575+02:00] ipt10.INFO: Data [100,345,4563,65,234,6734,-99] []
[2024-09-10T11:30:40.335756+02:00] ipt10.INFO: Object {"average":1706,"largest":6734,"smallest":-99} []
[2024-09-10T11:32:14.991056+02:00] ipt10.WARNING: [YOUR COMPLETE NAME] [] []
[2024-09-10T11:32:14.992279+02:00] ipt10.ERROR: [YOUR EMAIL ADDRESS] [] []
[2024-09-10T11:32:14.992319+02:00] ipt10.INFO: profile {"student_number":"[YOUR STUDENT NUMBER]","college":"[COLLEGE NAME]","program":"[PROGRAM NAME]","university":"[UNIVERSITY NAME]"} []
[2024-09-10T11:32:14.992574+02:00] ipt10.INFO: Data [100,345,4563,65,234,6734,-99] []
[2024-09-10T11:32:14.992612+02:00] ipt10.INFO: Object {"average":1706,"largest":6734,"smallest":-99} []
[2024-09-10T11:32:17.127563+02:00] ipt10.WARNING: [YOUR COMPLETE NAME] [] []
[2024-09-10T11:32:17.128786+02:00] ipt10.ERROR: [YOUR EMAIL ADDRESS] [] []
[2024-09-10T11:32:17.128819+02:00] ipt10.INFO: profile {"student_number":"[YOUR STUDENT NUMBER]","college":"[COLLEGE NAME]","program":"[PROGRAM NAME]","university":"[UNIVERSITY NAME]"} []
[2024-09-10T11:32:17.128879+02:00] ipt10.INFO: Data [100,345,4563,65,234,6734,-99] []
[2024-09-10T11:32:17.128910+02:00] ipt10.INFO: Object {"average":1706,"largest":6734,"smallest":-99} []
[2024-09-10T11:32:17.795550+02:00] ipt10.WARNING: [YOUR COMPLETE NAME] [] []
[2024-09-10T11:32:17.796775+02:00] ipt10.ERROR: [YOUR EMAIL ADDRESS] [] []
[2024-09-10T11:32:17.796806+02:00] ipt10.INFO: profile {"student_number":"[YOUR STUDENT NUMBER]","college":"[COLLEGE NAME]","program":"[PROGRAM NAME]","university":"[UNIVERSITY NAME]"} []
[2024-09-10T11:32:17.796865+02:00] ipt10.INFO: Data [100,345,4563,65,234,6734,-99] []
[2024-09-10T11:32:17.796891+02:00] ipt10.INFO: Object {"average":1706,"largest":6734,"smallest":-99} []
[2024-09-10T11:32:18.426824+02:00] ipt10.WARNING: [YOUR COMPLETE NAME] [] []
[2024-09-10T11:32:18.428042+02:00] ipt10.ERROR: [YOUR EMAIL ADDRESS] [] []
[2024-09-10T11:32:18.428074+02:00] ipt10.INFO: profile {"student_number":"[YOUR STUDENT NUMBER]","college":"[COLLEGE NAME]","program":"[PROGRAM NAME]","university":"[UNIVERSITY NAME]"} []
[2024-09-10T11:32:18.428137+02:00] ipt10.INFO: Data [100,345,4563,65,234,6734,-99] []
[2024-09-10T11:32:18.428168+02:00] ipt10.INFO: Object {"average":1706,"largest":6734,"smallest":-99} []
[2024-09-10T11:32:32.779209+02:00] ipt10.WARNING: [YOUR COMPLETE NAME] [] []
[2024-09-10T11:32:32.780414+02:00] ipt10.ERROR: [YOUR EMAIL ADDRESS] [] []
[2024-09-10T11:32:32.780445+02:00] ipt10.INFO: profile {"student_number":"[YOUR STUDENT NUMBER]","college":"[COLLEGE NAME]","program":"[PROGRAM NAME]","university":"[UNIVERSITY NAME]"} []
[2024-09-10T11:32:32.780501+02:00] ipt10.INFO: Data [100,345,4563,65,234,6734,-99] []
[2024-09-10T11:32:32.780527+02:00] ipt10.INFO: Object {"average":1706,"largest":6734,"smallest":-99} []
[2024-09-10T11:32:33.438774+02:00] ipt10.WARNING: [YOUR COMPLETE NAME] [] []
[2024-09-10T11:32:33.439966+02:00] ipt10.ERROR: [YOUR EMAIL ADDRESS] [] []
[2024-09-10T11:32:33.439998+02:00] ipt10.INFO: profile {"student_number":"[YOUR STUDENT NUMBER]","college":"[COLLEGE NAME]","program":"[PROGRAM NAME]","university":"[UNIVERSITY NAME]"} []
[2024-09-10T11:32:33.440056+02:00] ipt10.INFO: Data [100,345,4563,65,234,6734,-99] []
[2024-09-10T11:32:33.440084+02:00] ipt10.INFO: Object {"average":1706,"largest":6734,"smallest":-99} []
[2024-09-10T11:32:33.931457+02:00] ipt10.WARNING: [YOUR COMPLETE NAME] [] []
[2024-09-10T11:32:33.932683+02:00] ipt10.ERROR: [YOUR EMAIL ADDRESS] [] []
[2024-09-10T11:32:33.932717+02:00] ipt10.INFO: profile {"student_number":"[YOUR STUDENT NUMBER]","college":"[COLLEGE NAME]","program":"[PROGRAM NAME]","university":"[UNIVERSITY NAME]"} []
[2024-09-10T11:32:33.932775+02:00] ipt10.INFO: Data [100,345,4563,65,234,6734,-99] []
[2024-09-10T11:32:33.932829+02:00] ipt10.INFO: Object {"average":1706,"largest":6734,"smallest":-99} []
[2024-09-10T11:32:34.301001+02:00] ipt10.WARNING: [YOUR COMPLETE NAME] [] []
[2024-09-10T11:32:34.302202+02:00] ipt10.ERROR: [YOUR EMAIL ADDRESS] [] []
[2024-09-10T11:32:34.302234+02:00] ipt10.INFO: profile {"student_number":"[YOUR STUDENT NUMBER]","college":"[COLLEGE NAME]","program":"[PROGRAM NAME]","university":"[UNIVERSITY NAME]"} []
[2024-09-10T11:32:34.302290+02:00] ipt10.INFO: Data [100,345,4563,65,234,6734,-99] []
[2024-09-10T11:32:34.302317+02:00] ipt10.INFO: Object {"average":1706,"largest":6734,"smallest":-99} []
[2024-09-10T11:32:47.437387+02:00] ipt10.WARNING: [YOUR COMPLETE NAME] [] []
[2024-09-10T11:32:47.438669+02:00] ipt10.ERROR: [YOUR EMAIL ADDRESS] [] []
[2024-09-10T11:32:47.438701+02:00] ipt10.INFO: profile {"student_number":"[YOUR STUDENT NUMBER]","college":"[COLLEGE NAME]","program":"[PROGRAM NAME]","university":"[UNIVERSITY NAME]"} []
[2024-09-10T11:32:47.438874+02:00] ipt10.INFO: Data [100,345,4563,65,234,6734,-99] []
[2024-09-10T11:32:47.438925+02:00] ipt10.INFO: Object {"average":1706,"largest":6734,"smallest":-99} []
[2024-09-10T11:32:56.212129+02:00] ipt10.WARNING: [YOUR COMPLETE NAME] [] []
[2024-09-10T11:32:56.213381+02:00] ipt10.ERROR: [YOUR EMAIL ADDRESS] [] []
[2024-09-10T11:32:56.213411+02:00] ipt10.INFO: profile {"student_number":"[YOUR STUDENT NUMBER]","college":"[COLLEGE NAME]","program":"[PROGRAM NAME]","university":"[UNIVERSITY NAME]"} []
[2024-09-10T11:32:56.213543+02:00] ipt10.INFO: Data [100,345,4563,65,234,6734,-99] []
[2024-09-10T11:32:56.213580+02:00] ipt10.INFO: Object {"average":1706,"largest":6734,"smallest":-99} []
[2024-09-10T11:37:27.480661+02:00] ipt10.WARNING: [YOUR COMPLETE NAME] [] []
[2024-09-10T11:37:27.481893+02:00] ipt10.ERROR: [YOUR EMAIL ADDRESS] [] []
[2024-09-10T11:37:27.481926+02:00] ipt10.INFO: profile {"student_number":"[YOUR STUDENT NUMBER]","college":"[COLLEGE NAME]","program":"[PROGRAM NAME]","university":"[UNIVERSITY NAME]"} []
[2024-09-10T11:37:27.482059+02:00] ipt10.INFO: Data [100,345,4563,65,234,6734,-99] []
[2024-09-10T11:37:27.482097+02:00] ipt10.INFO: Object {"average":1706,"largest":6734,"smallest":-99} []
[2024-09-10T11:37:30.196890+02:00] ipt10.WARNING: [YOUR COMPLETE NAME] [] []
[2024-09-10T11:37:30.198081+02:00] ipt10.ERROR: [YOUR EMAIL ADDRESS] [] []
[2024-09-10T11:37:30.198118+02:00] ipt10.INFO: profile {"student_number":"[YOUR STUDENT NUMBER]","college":"[COLLEGE NAME]","program":"[PROGRAM NAME]","university":"[UNIVERSITY NAME]"} []
[2024-09-10T11:37:30.198277+02:00] ipt10.INFO: Data [100,345,4563,65,234,6734,-99] []
[2024-09-10T11:37:30.198314+02:00] ipt10.INFO: Object {"average":1706,"largest":6734,"smallest":-99} []
[2024-09-10T11:40:12.334200+02:00] ipt10.WARNING: Isheen [] []
[2024-09-10T11:40:12.335507+02:00] ipt10.ERROR: isheen.gonzales@example.com [] []
[2024-09-10T11:40:12.335540+02:00] ipt10.INFO: profile {"student_number":"123456789","college":"Computer Studies","program":"Information Technology","university":"AUF"} []
[2024-09-10T11:40:12.336595+02:00] ipt10.INFO: data [100,345,4563,65,234,6734,-99] []
[2024-09-10T11:40:12.336652+02:00] ipt10.INFO: object {"greeting":"Greetings to Isheen","average":1706,"largest":6734,"smallest":-99} []
[2024-09-10T12:10:26.668008+02:00] ipt10.WARNING: Isheen [] []
[2024-09-10T12:10:26.669713+02:00] ipt10.ERROR: isheen.gonzales@example.com [] []
[2024-09-10T12:10:26.669752+02:00] ipt10.INFO: profile {"student_number":"123456789","college":"Computer Studies","program":"Information Technology","university":"AUF"} []
[2024-09-10T12:10:26.669806+02:00] ipt10.INFO: data [100,345,4563,65,234,6734,-99] []
[2024-09-10T12:10:26.669837+02:00] ipt10.INFO: object {"greeting":"Greetings to Isheen","average":1706,"largest":6734,"smallest":-99} []
[2024-09-10T12:10:37.789721+02:00] ipt10.WARNING: Isheen [] []
[2024-09-10T12:10:37.791674+02:00] ipt10.ERROR: isheen.gonzales@example.com [] []
[2024-09-10T12:10:37.791751+02:00] ipt10.INFO: profile {"student_number":"123456789","college":"Computer Studies","program":"Information Technology","university":"AUF"} []
[2024-09-10T12:10:37.791893+02:00] ipt10.INFO: data [100,345,4563,65,234,6734,-99] []
[2024-09-10T12:10:37.791937+02:00] ipt10.INFO: object {"greeting":"Greetings to Isheen","average":1706,"largest":6734,"smallest":-99} []
[2024-09-10T12:10:40.632009+02:00] ipt10.WARNING: Isheen [] []
[2024-09-10T12:10:40.632998+02:00] ipt10.ERROR: isheen.gonzales@example.com [] []
[2024-09-10T12:10:40.633028+02:00] ipt10.INFO: profile {"student_number":"123456789","college":"Computer Studies","program":"Information Technology","university":"AUF"} []
[2024-09-10T12:10:40.633076+02:00] ipt10.INFO: data [100,345,4563,65,234,6734,-99] []
[2024-09-10T12:10:40.633112+02:00] ipt10.INFO: object {"greeting":"Greetings to Isheen","average":1706,"largest":6734,"smallest":-99} []
[2024-09-10T12:14:00.300021+02:00] ipt10.WARNING: Isheen [] []
[2024-09-10T12:14:00.301619+02:00] ipt10.ERROR: isheen.gonzales@example.com [] []
[2024-09-10T12:14:00.301663+02:00] ipt10.INFO: profile {"student_number":"123456789","college":"Computer Studies","program":"Information Technology","university":"AUF"} []
[2024-09-10T12:14:00.301711+02:00] ipt10.INFO: data [100,345,4563,65,234,6734,-99] []
[2024-09-10T12:14:00.301756+02:00] ipt10.INFO: object {"greeting":"Greetings to Isheen","average":1706,"largest":6734,"smallest":-99} []
[2024-09-10T12:14:01.533574+02:00] ipt10.WARNING: Isheen [] []
[2024-09-10T12:14:01.536532+02:00] ipt10.ERROR: isheen.gonzales@example.com [] []
[2024-09-10T12:14:01.536679+02:00] ipt10.INFO: profile {"student_number":"123456789","college":"Computer Studies","program":"Information Technology","university":"AUF"} []
[2024-09-10T12:14:01.536814+02:00] ipt10.INFO: data [100,345,4563,65,234,6734,-99] []
[2024-09-10T12:14:01.536887+02:00] ipt10.INFO: object {"greeting":"Greetings to Isheen","average":1706,"largest":6734,"smallest":-99} []
